Determining if the pthread_create exist failed with the following output:
Change Dir: /home/user/omniROS/omniROS_ws/src/gazebo_plugin_simulation/build/CMakeFiles/CMakeTmp

Run Build Command:"/usr/bin/make" "cmTC_fbfb3/fast"
/usr/bin/make -f CMakeFiles/cmTC_fbfb3.dir/build.make CMakeFiles/cmTC_fbfb3.dir/build
make[1]: Entering directory '/home/user/omniROS/omniROS_ws/src/gazebo_plugin_simulation/build/CMakeFiles/CMakeTmp'
Building C object CMakeFiles/cmTC_fbfb3.dir/CheckSymbolExists.c.o
/usr/bin/cc     -o CMakeFiles/cmTC_fbfb3.dir/CheckSymbolExists.c.o   -c /home/user/omniROS/omniROS_ws/src/gazebo_plugin_simulation/build/CMakeFiles/CMakeTmp/CheckSymbolExists.c
Linking C executable cmTC_fbfb3
/usr/bin/cmake -E cmake_link_script CMakeFiles/cmTC_fbfb3.dir/link.txt --verbose=1
/usr/bin/cc       CMakeFiles/cmTC_fbfb3.dir/CheckSymbolExists.c.o  -o cmTC_fbfb3 -rdynamic 
CMakeFiles/cmTC_fbfb3.dir/CheckSymbolExists.c.o: In function `main':
CheckSymbolExists.c:(.text+0x16): undefined reference to `pthread_create'
collect2: error: ld returned 1 exit status
CMakeFiles/cmTC_fbfb3.dir/build.make:97: recipe for target 'cmTC_fbfb3' failed
make[1]: *** [cmTC_fbfb3] Error 1
make[1]: Leaving directory '/home/user/omniROS/omniROS_ws/src/gazebo_plugin_simulation/build/CMakeFiles/CMakeTmp'
Makefile:126: recipe for target 'cmTC_fbfb3/fast' failed
make: *** [cmTC_fbfb3/fast] Error 2

File /home/user/omniROS/omniROS_ws/src/gazebo_plugin_simulation/build/CMakeFiles/CMakeTmp/CheckSymbolExists.c:
/* */
#include <pthread.h>

int main(int argc, char** argv)
{
  (void)argv;
#ifndef pthread_create
  return ((int*)(&pthread_create))[argc];
#else
  (void)argc;
  return 0;
#endif
}

Determining if the function pthread_create exists in the pthreads failed with the following output:
Change Dir: /home/user/omniROS/omniROS_ws/src/gazebo_plugin_simulation/build/CMakeFiles/CMakeTmp

Run Build Command:"/usr/bin/make" "cmTC_5276f/fast"
/usr/bin/make -f CMakeFiles/cmTC_5276f.dir/build.make CMakeFiles/cmTC_5276f.dir/build
make[1]: Entering directory '/home/user/omniROS/omniROS_ws/src/gazebo_plugin_simulation/build/CMakeFiles/CMakeTmp'
Building C object CMakeFiles/cmTC_5276f.dir/CheckFunctionExists.c.o
/usr/bin/cc    -DCHECK_FUNCTION_EXISTS=pthread_create   -o CMakeFiles/cmTC_5276f.dir/CheckFunctionExists.c.o   -c /usr/share/cmake-3.5/Modules/CheckFunctionExists.c
Linking C executable cmTC_5276f
/usr/bin/cmake -E cmake_link_script CMakeFiles/cmTC_5276f.dir/link.txt --verbose=1
/usr/bin/cc   -DCHECK_FUNCTION_EXISTS=pthread_create    CMakeFiles/cmTC_5276f.dir/CheckFunctionExists.c.o  -o cmTC_5276f -rdynamic -lpthreads 
/usr/bin/ld: cannot find -lpthreads
collect2: error: ld returned 1 exit status
CMakeFiles/cmTC_5276f.dir/build.make:97: recipe for target 'cmTC_5276f' failed
make[1]: *** [cmTC_5276f] Error 1
make[1]: Leaving directory '/home/user/omniROS/omniROS_ws/src/gazebo_plugin_simulation/build/CMakeFiles/CMakeTmp'
Makefile:126: recipe for target 'cmTC_5276f/fast' failed
make: *** [cmTC_5276f/fast] Error 2


