Determining if the pthread_create exist failed with the following output:
Change Dir: /home/user/omniROS/omniROS_ws/src/gazebo_plugin_ball/build/CMakeFiles/CMakeTmp

Run Build Command:"/usr/bin/make" "cmTC_ee127/fast"
/usr/bin/make -f CMakeFiles/cmTC_ee127.dir/build.make CMakeFiles/cmTC_ee127.dir/build
make[1]: Entering directory '/home/user/omniROS/omniROS_ws/src/gazebo_plugin_ball/build/CMakeFiles/CMakeTmp'
Building C object CMakeFiles/cmTC_ee127.dir/CheckSymbolExists.c.o
/usr/bin/cc     -o CMakeFiles/cmTC_ee127.dir/CheckSymbolExists.c.o   -c /home/user/omniROS/omniROS_ws/src/gazebo_plugin_ball/build/CMakeFiles/CMakeTmp/CheckSymbolExists.c
Linking C executable cmTC_ee127
/usr/bin/cmake -E cmake_link_script CMakeFiles/cmTC_ee127.dir/link.txt --verbose=1
/usr/bin/cc       CMakeFiles/cmTC_ee127.dir/CheckSymbolExists.c.o  -o cmTC_ee127 -rdynamic 
CMakeFiles/cmTC_ee127.dir/CheckSymbolExists.c.o: In function `main':
CheckSymbolExists.c:(.text+0x16): undefined reference to `pthread_create'
collect2: error: ld returned 1 exit status
CMakeFiles/cmTC_ee127.dir/build.make:97: recipe for target 'cmTC_ee127' failed
make[1]: *** [cmTC_ee127] Error 1
make[1]: Leaving directory '/home/user/omniROS/omniROS_ws/src/gazebo_plugin_ball/build/CMakeFiles/CMakeTmp'
Makefile:126: recipe for target 'cmTC_ee127/fast' failed
make: *** [cmTC_ee127/fast] Error 2

File /home/user/omniROS/omniROS_ws/src/gazebo_plugin_ball/build/CMakeFiles/CMakeTmp/CheckSymbolExists.c:
/* */
#include <pthread.h>

int main(int argc, char** argv)
{
  (void)argv;
#ifndef pthread_create
  return ((int*)(&pthread_create))[argc];
#else
  (void)argc;
  return 0;
#endif
}

Determining if the function pthread_create exists in the pthreads failed with the following output:
Change Dir: /home/user/omniROS/omniROS_ws/src/gazebo_plugin_ball/build/CMakeFiles/CMakeTmp

Run Build Command:"/usr/bin/make" "cmTC_c16ce/fast"
/usr/bin/make -f CMakeFiles/cmTC_c16ce.dir/build.make CMakeFiles/cmTC_c16ce.dir/build
make[1]: Entering directory '/home/user/omniROS/omniROS_ws/src/gazebo_plugin_ball/build/CMakeFiles/CMakeTmp'
Building C object CMakeFiles/cmTC_c16ce.dir/CheckFunctionExists.c.o
/usr/bin/cc    -DCHECK_FUNCTION_EXISTS=pthread_create   -o CMakeFiles/cmTC_c16ce.dir/CheckFunctionExists.c.o   -c /usr/share/cmake-3.5/Modules/CheckFunctionExists.c
Linking C executable cmTC_c16ce
/usr/bin/cmake -E cmake_link_script CMakeFiles/cmTC_c16ce.dir/link.txt --verbose=1
/usr/bin/cc   -DCHECK_FUNCTION_EXISTS=pthread_create    CMakeFiles/cmTC_c16ce.dir/CheckFunctionExists.c.o  -o cmTC_c16ce -rdynamic -lpthreads 
/usr/bin/ld: cannot find -lpthreads
collect2: error: ld returned 1 exit status
CMakeFiles/cmTC_c16ce.dir/build.make:97: recipe for target 'cmTC_c16ce' failed
make[1]: *** [cmTC_c16ce] Error 1
make[1]: Leaving directory '/home/user/omniROS/omniROS_ws/src/gazebo_plugin_ball/build/CMakeFiles/CMakeTmp'
Makefile:126: recipe for target 'cmTC_c16ce/fast' failed
make: *** [cmTC_c16ce/fast] Error 2


